2025-06-01 22:11:09,339 - INFO - Welcome
2025-06-02 10:52:59,573 - INFO - config\config.yaml loaded successfully
2025-06-02 10:52:59,581 - INFO - params.yaml loaded successfully
2025-06-02 10:52:59,589 - INFO - Created directory artifacts
2025-06-02 10:52:59,597 - INFO - Created directory artifacts/data_ingestion
2025-06-02 10:53:05,620 - INFO - artifacts/data_ingestion/data.zip downloaded with the following Connection: close
Content-Length: 11616915
Cache-Control: max-age=300
Content-Security-Policy: default-src 'none'; style-src 'unsafe-inline'; sandbox
Content-Type: application/zip
ETag: "adf745abc03891fe493c3be264ec012691fe3fa21d861f35a27edbe6d86a76b1"
Strict-Transport-Security: max-age=31536000
X-Content-Type-Options: nosniff
X-Frame-Options: deny
X-XSS-Protection: 1; mode=block
X-GitHub-Request-Id: F552:1DCE03:29D6A:57661:683D3536
Accept-Ranges: bytes
Date: Mon, 02 Jun 2025 05:23:03 GMT
Via: 1.1 varnish
X-Served-By: cache-hyd1100028-HYD
X-Cache: MISS
X-Cache-Hits: 0
X-Timer: S1748841783.796442,VS0,VE892
Vary: Authorization,Accept-Encoding
Access-Control-Allow-Origin: *
Cross-Origin-Resource-Policy: cross-origin
X-Fastly-Request-ID: 7523063f0232df267894e278fe07b7aadb2c5bea
Expires: Mon, 02 Jun 2025 05:28:03 GMT
Source-Age: 1


2025-06-02 11:48:38,974 - INFO - Data Ingestion Stage started
2025-06-02 11:48:38,981 - INFO - config\config.yaml loaded successfully
2025-06-02 11:48:38,981 - INFO - params.yaml loaded successfully
2025-06-02 11:48:38,981 - INFO - Created directory artifacts
2025-06-02 11:48:38,981 - INFO - Created directory artifacts/data_ingestion
2025-06-02 11:50:33,409 - INFO - Data Ingestion Stage started
2025-06-02 11:50:33,413 - INFO - config\config.yaml loaded successfully
2025-06-02 11:50:33,413 - INFO - params.yaml loaded successfully
2025-06-02 11:50:33,413 - INFO - Created directory artifacts
2025-06-02 11:50:33,413 - INFO - Created directory artifacts/data_ingestion
2025-06-02 11:50:37,705 - INFO - artifacts/data_ingestion/data.zip downloaded with the following Connection: close
Content-Length: 11616915
Cache-Control: max-age=300
Content-Security-Policy: default-src 'none'; style-src 'unsafe-inline'; sandbox
Content-Type: application/zip
ETag: "adf745abc03891fe493c3be264ec012691fe3fa21d861f35a27edbe6d86a76b1"
Strict-Transport-Security: max-age=31536000
X-Content-Type-Options: nosniff
X-Frame-Options: deny
X-XSS-Protection: 1; mode=block
X-GitHub-Request-Id: 6A02:2B039F:347A4A:828753:683D42B2
Accept-Ranges: bytes
Date: Mon, 02 Jun 2025 06:20:35 GMT
Via: 1.1 varnish
X-Served-By: cache-hyd1100034-HYD
X-Cache: MISS
X-Cache-Hits: 0
X-Timer: S1748845235.739270,VS0,VE902
Vary: Authorization,Accept-Encoding
Access-Control-Allow-Origin: *
Cross-Origin-Resource-Policy: cross-origin
X-Fastly-Request-ID: 47f91b4dfec82249bd6702340e35d0e66ccf0f7d
Expires: Mon, 02 Jun 2025 06:25:35 GMT
Source-Age: 1


2025-06-02 11:50:38,281 - INFO - Data Ingestion Stage completed
2025-06-02 21:24:58,796 - INFO - config\config.yaml loaded successfully
2025-06-02 21:24:58,812 - INFO - params.yaml loaded successfully
2025-06-02 21:24:58,821 - INFO - Created directory artifacts
2025-06-02 21:24:58,829 - INFO - Created directory artifacts/prepare_base_model
2025-06-02 21:25:14,040 - WARNING - You are saving your model as an HDF5 file via `model.save()` or `keras.saving.save_model(model)`. This file format is considered legacy. We recommend using instead the native Keras format, e.g. `model.save('my_model.keras')` or `keras.saving.save_model(model, 'my_model.keras')`. 
2025-06-02 21:25:14,472 - WARNING - You are saving your model as an HDF5 file via `model.save()` or `keras.saving.save_model(model)`. This file format is considered legacy. We recommend using instead the native Keras format, e.g. `model.save('my_model.keras')` or `keras.saving.save_model(model, 'my_model.keras')`. 
2025-06-02 21:26:11,757 - INFO - config\config.yaml loaded successfully
2025-06-02 21:26:11,765 - INFO - params.yaml loaded successfully
2025-06-02 21:26:11,774 - INFO - Created directory artifacts
2025-06-02 21:26:11,774 - INFO - Created directory artifacts/prepare_base_model
2025-06-02 21:26:12,333 - WARNING - You are saving your model as an HDF5 file via `model.save()` or `keras.saving.save_model(model)`. This file format is considered legacy. We recommend using instead the native Keras format, e.g. `model.save('my_model.keras')` or `keras.saving.save_model(model, 'my_model.keras')`. 
2025-06-02 21:26:12,690 - WARNING - You are saving your model as an HDF5 file via `model.save()` or `keras.saving.save_model(model)`. This file format is considered legacy. We recommend using instead the native Keras format, e.g. `model.save('my_model.keras')` or `keras.saving.save_model(model, 'my_model.keras')`. 
2025-06-02 21:26:53,662 - INFO - config\config.yaml loaded successfully
2025-06-02 21:26:53,668 - INFO - params.yaml loaded successfully
2025-06-02 21:26:53,671 - INFO - Created directory artifacts
2025-06-02 21:26:53,675 - INFO - Created directory artifacts/prepare_base_model
2025-06-02 21:26:54,263 - WARNING - You are saving your model as an HDF5 file via `model.save()` or `keras.saving.save_model(model)`. This file format is considered legacy. We recommend using instead the native Keras format, e.g. `model.save('my_model.keras')` or `keras.saving.save_model(model, 'my_model.keras')`. 
2025-06-02 21:26:54,571 - WARNING - You are saving your model as an HDF5 file via `model.save()` or `keras.saving.save_model(model)`. This file format is considered legacy. We recommend using instead the native Keras format, e.g. `model.save('my_model.keras')` or `keras.saving.save_model(model, 'my_model.keras')`. 
2025-06-02 22:04:27,891 - INFO - Data Ingestion Stage started
2025-06-02 22:04:27,900 - INFO - config\config.yaml loaded successfully
2025-06-02 22:04:27,900 - INFO - params.yaml loaded successfully
2025-06-02 22:04:27,900 - INFO - Created directory artifacts
2025-06-02 22:04:27,900 - INFO - Created directory artifacts/data_ingestion
2025-06-03 10:30:32,451 - INFO - Data Ingestion Stage started
2025-06-03 10:30:32,459 - INFO - config\config.yaml loaded successfully
2025-06-03 10:30:32,467 - INFO - params.yaml loaded successfully
2025-06-03 10:30:32,467 - INFO - Created directory artifacts
2025-06-03 10:30:32,467 - INFO - Created directory artifacts/data_ingestion
2025-06-03 10:31:35,223 - INFO - Data Ingestion Stage started
2025-06-03 10:31:35,231 - INFO - config\config.yaml loaded successfully
2025-06-03 10:31:35,231 - INFO - params.yaml loaded successfully
2025-06-03 10:31:35,231 - INFO - Created directory artifacts
2025-06-03 10:31:35,239 - INFO - Created directory artifacts/data_ingestion
2025-06-03 10:31:35,239 - INFO - file is already downloaded
2025-06-03 10:31:35,682 - INFO - Data Ingestion Stage completed
2025-06-03 10:31:35,682 - INFO - Prepare Base Model Pipeline started
2025-06-03 10:31:35,682 - INFO - config\config.yaml loaded successfully
2025-06-03 10:31:35,690 - INFO - params.yaml loaded successfully
2025-06-03 10:31:35,690 - INFO - Created directory artifacts
2025-06-03 10:31:35,690 - INFO - Created directory artifacts/prepare_base_model
2025-06-03 10:31:36,328 - WARNING - You are saving your model as an HDF5 file via `model.save()` or `keras.saving.save_model(model)`. This file format is considered legacy. We recommend using instead the native Keras format, e.g. `model.save('my_model.keras')` or `keras.saving.save_model(model, 'my_model.keras')`. 
2025-06-03 10:31:36,612 - WARNING - You are saving your model as an HDF5 file via `model.save()` or `keras.saving.save_model(model)`. This file format is considered legacy. We recommend using instead the native Keras format, e.g. `model.save('my_model.keras')` or `keras.saving.save_model(model, 'my_model.keras')`. 
2025-06-03 10:31:36,783 - INFO - Prepare Base Model Pipeline completed
